<?xml version="1.0" encoding="UTF-8"?>
<!-- Generated by org.testng.reporters.JUnitReportReporter -->
<testsuite skipped="0" hostname="DESKTOP-HCFFR5C" name="TestNGAutomationTesting.TestNG.BeforeMethodAndAfterMethod" tests="4" failures="0" timestamp="06 May 2020 16:55:36 GMT" time="35.451" errors="0">
  <testcase name="LoginLogOutTest2" time="7.161" classname="TestNGAutomationTesting.TestNG.BeforeMethodAndAfterMethod"/>
  <testcase name="LoginLogOutTest4" time="7.306" classname="TestNGAutomationTesting.TestNG.BeforeMethodAndAfterMethod"/>
  <testcase name="LoginLogOutTest1" time="10.819" classname="TestNGAutomationTesting.TestNG.BeforeMethodAndAfterMethod"/>
  <testcase name="LoginLogOutTest3" time="10.165" classname="TestNGAutomationTesting.TestNG.BeforeMethodAndAfterMethod"/>
</testsuite> <!-- TestNGAutomationTesting.TestNG.BeforeMethodAndAfterMethod -->
