<?xml version="1.0" encoding="UTF-8"?>
<!-- Generated by org.testng.reporters.JUnitReportReporter -->
<testsuite skipped="0" hostname="DESKTOP-HCFFR5C" name="TestNGAutomationTesting.TestNG.LoginTest" tests="2" failures="0" timestamp="07 May 2020 18:17:02 GMT" time="0.039" errors="0">
  <testcase name="LoginLogoutTestWithWrongCredencials" time="0.019" classname="TestNGAutomationTesting.TestNG.LoginTest"/>
  <testcase name="LoginLogoutTestWithCorrectCredencials" time="0.020" classname="TestNGAutomationTesting.TestNG.LoginTest"/>
</testsuite> <!-- TestNGAutomationTesting.TestNG.LoginTest -->
