<?xml version="1.0" encoding="UTF-8"?>
<!-- Generated by org.testng.reporters.JUnitReportReporter -->
<testsuite skipped="0" hostname="DESKTOP-HCFFR5C" name="TestNGAutomationTesting.TestNG.ToursLoginLogoutTest2" tests="8" failures="0" timestamp="01 Jun 2018 01:35:33 GMT" time="11.621" errors="0">
  <testcase name="loginTestwithcorrectcredentials" time="4.060" classname="TestNGAutomationTesting.TestNG.ToursLoginLogoutTest2"/>
  <testcase name="loginTestwithwrongcredentials" time="1.061" classname="TestNGAutomationTesting.TestNG.ToursLoginLogoutTest2"/>
  <testcase name="loginTestwithwrongcredentials" time="1.133" classname="TestNGAutomationTesting.TestNG.ToursLoginLogoutTest2"/>
  <testcase name="loginTestwithwrongcredentials" time="1.086" classname="TestNGAutomationTesting.TestNG.ToursLoginLogoutTest2"/>
  <testcase name="loginTestwithwrongcredentials" time="1.080" classname="TestNGAutomationTesting.TestNG.ToursLoginLogoutTest2"/>
  <testcase name="loginTestwithwrongcredentials" time="1.067" classname="TestNGAutomationTesting.TestNG.ToursLoginLogoutTest2"/>
  <testcase name="loginTestwithwrongcredentials" time="1.058" classname="TestNGAutomationTesting.TestNG.ToursLoginLogoutTest2"/>
  <testcase name="loginTestwithwrongcredentials" time="1.076" classname="TestNGAutomationTesting.TestNG.ToursLoginLogoutTest2"/>
</testsuite> <!-- TestNGAutomationTesting.TestNG.ToursLoginLogoutTest2 -->
