<?xml version="1.0" encoding="UTF-8"?>
<!-- Generated by org.testng.reporters.JUnitReportReporter -->
<testsuite skipped="0" hostname="DESKTOP-HCFFR5C" name="TestNGAutomationTesting.TestNG.BeforeClassAndAfterClassTest2DataDrivenTest" tests="5" failures="0" timestamp="10 Dec 2018 01:41:40 GMT" time="10.993" errors="0">
  <testcase name="tc4" time="1.365" classname="TestNGAutomationTesting.TestNG.BeforeClassAndAfterClassTest2DataDrivenTest"/>
  <testcase name="tc5" time="1.290" classname="TestNGAutomationTesting.TestNG.BeforeClassAndAfterClassTest2DataDrivenTest"/>
  <testcase name="test3" time="1.209" classname="TestNGAutomationTesting.TestNG.BeforeClassAndAfterClassTest2DataDrivenTest"/>
  <testcase name="test1" time="5.910" classname="TestNGAutomationTesting.TestNG.BeforeClassAndAfterClassTest2DataDrivenTest"/>
  <testcase name="test2" time="1.219" classname="TestNGAutomationTesting.TestNG.BeforeClassAndAfterClassTest2DataDrivenTest"/>
</testsuite> <!-- TestNGAutomationTesting.TestNG.BeforeClassAndAfterClassTest2DataDrivenTest -->
