<?xml version="1.0" encoding="UTF-8"?>
<!-- Generated by org.testng.reporters.JUnitReportReporter -->
<testsuite skipped="0" hostname="DESKTOP-HCFFR5C" name="TestNGAutomationTesting.TestNG.LoginTest" tests="2" failures="0" timestamp="08 Jun 2018 17:29:39 GMT" time="0.013" errors="0">
  <testcase name="LoginLogoutTestWithWrongCredencials" time="0.008" classname="TestNGAutomationTesting.TestNG.LoginTest"/>
  <testcase name="LoginLogoutTestWithCorrectCredencials" time="0.005" classname="TestNGAutomationTesting.TestNG.LoginTest"/>
</testsuite> <!-- TestNGAutomationTesting.TestNG.LoginTest -->
