<?xml version="1.0" encoding="UTF-8"?>
<!-- Generated by org.testng.reporters.JUnitReportReporter -->
<testsuite skipped="0" hostname="DESKTOP-HCFFR5C" name="TestNGAutomationTesting.TestNG.BrforeTesAndAfterTest" tests="1" failures="0" timestamp="05 Jun 2018 16:11:55 GMT" time="0.013" errors="0">
  <testcase name="verifyHomepageTitle" time="0.013" classname="TestNGAutomationTesting.TestNG.BrforeTesAndAfterTest"/>
</testsuite> <!-- TestNGAutomationTesting.TestNG.BrforeTesAndAfterTest -->
