<?xml version="1.0" encoding="UTF-8"?>
<!-- Generated by org.testng.reporters.JUnitReportReporter -->
<testsuite skipped="0" hostname="DESKTOP-HCFFR5C" name="TestNGAutomationExtends.JournalPage$MyTestClass2" tests="2" failures="0" timestamp="08 May 2020 23:04:14 GMT" time="0.010" errors="0">
  <testcase name="myTestMethod4" time="0.003" classname="TestNGAutomationExtends.JournalPage$MyTestClass2"/>
  <testcase name="myTestMethod3" time="0.007" classname="TestNGAutomationExtends.JournalPage$MyTestClass2"/>
</testsuite> <!-- TestNGAutomationExtends.JournalPage$MyTestClass2 -->
