<?xml version="1.0" encoding="UTF-8"?>
<!-- Generated by org.testng.reporters.JUnitReportReporter -->
<testsuite skipped="0" hostname="DESKTOP-HCFFR5C" name="TestNGAutomationTesting.TestNG.LoginLogOutTestNG" tests="2" failures="0" timestamp="08 Jun 2018 16:10:05 GMT" time="0.013" errors="0">
  <testcase name="testRegistrationPage" time="0.006" classname="TestNGAutomationTesting.TestNG.LoginLogOutTestNG"/>
  <testcase name="LoginLogoutTestWithCorrectCredencials" time="0.007" classname="TestNGAutomationTesting.TestNG.LoginLogOutTestNG"/>
</testsuite> <!-- TestNGAutomationTesting.TestNG.LoginLogOutTestNG -->
