<?xml version="1.0" encoding="UTF-8"?>
<!-- Generated by org.testng.reporters.JUnitReportReporter -->
<testsuite skipped="0" hostname="DESKTOP-HCFFR5C" name="TestNGAutomationTesting.TestNG.BeforeMethodAndAfterMethod" tests="2" failures="0" timestamp="04 Jun 2018 17:17:48 GMT" time="1.802" errors="0">
  <testcase name="register" time="1.028" classname="TestNGAutomationTesting.TestNG.BeforeMethodAndAfterMethod"/>
  <testcase name="support" time="0.774" classname="TestNGAutomationTesting.TestNG.BeforeMethodAndAfterMethod"/>
</testsuite> <!-- TestNGAutomationTesting.TestNG.BeforeMethodAndAfterMethod -->
