<?xml version="1.0" encoding="UTF-8"?>
<!-- Generated by org.testng.reporters.JUnitReportReporter -->
<testsuite skipped="0" hostname="DESKTOP-HCFFR5C" name="TestNGAutomationTesting.TestNG.LoginLogoutTestDataProvider" tests="8" failures="0" timestamp="11 Jun 2018 16:12:46 GMT" time="11.401" errors="0">
  <testcase name="loginTestwithwrongcredentials" time="1.051" classname="TestNGAutomationTesting.TestNG.LoginLogoutTestDataProvider"/>
  <testcase name="loginTestwithwrongcredentials" time="1.072" classname="TestNGAutomationTesting.TestNG.LoginLogoutTestDataProvider"/>
  <testcase name="loginTestwithwrongcredentials" time="1.056" classname="TestNGAutomationTesting.TestNG.LoginLogoutTestDataProvider"/>
  <testcase name="loginTestwithwrongcredentials" time="1.054" classname="TestNGAutomationTesting.TestNG.LoginLogoutTestDataProvider"/>
  <testcase name="loginTestwithcorrectcredentials" time="3.928" classname="TestNGAutomationTesting.TestNG.LoginLogoutTestDataProvider"/>
  <testcase name="loginTestwithwrongcredentials" time="1.144" classname="TestNGAutomationTesting.TestNG.LoginLogoutTestDataProvider"/>
  <testcase name="loginTestwithwrongcredentials" time="1.035" classname="TestNGAutomationTesting.TestNG.LoginLogoutTestDataProvider"/>
  <testcase name="loginTestwithwrongcredentials" time="1.061" classname="TestNGAutomationTesting.TestNG.LoginLogoutTestDataProvider"/>
</testsuite> <!-- TestNGAutomationTesting.TestNG.LoginLogoutTestDataProvider -->
