<?xml version="1.0" encoding="UTF-8"?>
<!-- Generated by org.testng.reporters.JUnitReportReporter -->
<testsuite skipped="0" hostname="DESKTOP-HCFFR5C" name="TestNGAutomationTesting.TestNG.ToursLoginLogoutTestDataProvider" tests="8" failures="0" timestamp="04 Jun 2018 17:19:13 GMT" time="12.914" errors="0">
  <testcase name="loginTestwithcorrectcredentials" time="4.044" classname="TestNGAutomationTesting.TestNG.ToursLoginLogoutTestDataProvider"/>
  <testcase name="loginTestwithwrongcredentials" time="1.349" classname="TestNGAutomationTesting.TestNG.ToursLoginLogoutTestDataProvider"/>
  <testcase name="loginTestwithwrongcredentials" time="1.272" classname="TestNGAutomationTesting.TestNG.ToursLoginLogoutTestDataProvider"/>
  <testcase name="loginTestwithwrongcredentials" time="1.300" classname="TestNGAutomationTesting.TestNG.ToursLoginLogoutTestDataProvider"/>
  <testcase name="loginTestwithwrongcredentials" time="1.230" classname="TestNGAutomationTesting.TestNG.ToursLoginLogoutTestDataProvider"/>
  <testcase name="loginTestwithwrongcredentials" time="1.258" classname="TestNGAutomationTesting.TestNG.ToursLoginLogoutTestDataProvider"/>
  <testcase name="loginTestwithwrongcredentials" time="1.218" classname="TestNGAutomationTesting.TestNG.ToursLoginLogoutTestDataProvider"/>
  <testcase name="loginTestwithwrongcredentials" time="1.243" classname="TestNGAutomationTesting.TestNG.ToursLoginLogoutTestDataProvider"/>
</testsuite> <!-- TestNGAutomationTesting.TestNG.ToursLoginLogoutTestDataProvider -->
