<?xml version="1.0" encoding="UTF-8"?>
<!-- Generated by org.testng.reporters.JUnitReportReporter -->
<testsuite skipped="0" hostname="DESKTOP-HCFFR5C" name="TestNGAutomationTesting.TestNG.ToursLoginLogoutTest3DataDrivenTest" tests="5" failures="0" timestamp="05 Jun 2018 15:59:17 GMT" time="8.065" errors="0">
  <testcase name="tc4" time="1.081" classname="TestNGAutomationTesting.TestNG.ToursLoginLogoutTest3DataDrivenTest"/>
  <testcase name="tc5" time="1.106" classname="TestNGAutomationTesting.TestNG.ToursLoginLogoutTest3DataDrivenTest"/>
  <testcase name="test3" time="1.070" classname="TestNGAutomationTesting.TestNG.ToursLoginLogoutTest3DataDrivenTest"/>
  <testcase name="test1" time="3.743" classname="TestNGAutomationTesting.TestNG.ToursLoginLogoutTest3DataDrivenTest"/>
  <testcase name="test2" time="1.065" classname="TestNGAutomationTesting.TestNG.ToursLoginLogoutTest3DataDrivenTest"/>
</testsuite> <!-- TestNGAutomationTesting.TestNG.ToursLoginLogoutTest3DataDrivenTest -->
