<?xml version="1.0" encoding="UTF-8"?>
<!-- Generated by org.testng.reporters.JUnitReportReporter -->
<testsuite skipped="0" hostname="DESKTOP-HCFFR5C" name="TestNGAutomationTesting.TestNG.LoginLogOutTest" tests="4" failures="0" timestamp="04 Jun 2018 17:23:31 GMT" time="29.876" errors="0">
  <testcase name="LoginLogOutTest2" time="6.092" classname="TestNGAutomationTesting.TestNG.LoginLogOutTest"/>
  <testcase name="LoginLogOutTest4" time="5.922" classname="TestNGAutomationTesting.TestNG.LoginLogOutTest"/>
  <testcase name="LoginLogOutTest1" time="8.743" classname="TestNGAutomationTesting.TestNG.LoginLogOutTest"/>
  <testcase name="LoginLogOutTest3" time="9.119" classname="TestNGAutomationTesting.TestNG.LoginLogOutTest"/>
</testsuite> <!-- TestNGAutomationTesting.TestNG.LoginLogOutTest -->
